#
# A fatal error has been detected by the Java Runtime Environment:
#
#  EXCEPTION_ACCESS_VIOLATION (0xc0000005) at pc=0x00000000032d3f9a, pid=13720, tid=13408
#
# JRE version: Java(TM) SE Runtime Environment (8.0_91-b14) (build 1.8.0_91-b14)
# Java VM: Java HotSpot(TM) 64-Bit Server VM (25.91-b14 mixed mode windows-amd64 compressed oops)
# Problematic frame:
# j  java.lang.ref.Reference.tryHandlePending(Z)Z+109
#
# Failed to write core dump. Minidumps are not enabled by default on client versions of Windows
#
# If you would like to submit a bug report, please visit:
#   http://bugreport.java.com/bugreport/crash.jsp
#

---------------  T H R E A D  ---------------

Current thread (0x00000000032aa000):  JavaThread "Reference Handler" daemon [_thread_in_Java, id=13408, stack(0x000000001f720000,0x000000001f820000)]

siginfo: ExceptionCode=0xc0000005, reading address 0xffffffffffffffff

Registers:
RAX=0x00000007c0000208, RBX=0x00000000031feea0, RCX=0x00000006c1d16da0, RDX=0x0000000021baa258
RSP=0x000000001f81f340, RBP=0x000000001f81f398, RSI=0x00000000230eeef8, RDI=0x0000000028b82130
R8 =0x0000000001410fc0, R9 =0x0000000000000001, R10=0x0000000055aa49a0, R11=0x000000001f81f300
R12=0x0000000000000000, R13=0x000000001f81f348, R14=0x0000000021baa258, R15=0x00000000032aa000
RIP=0x00000000032d3f9a, EFLAGS=0x0000000000010297

Top of Stack: (sp=0x000000001f81f340)
0x000000001f81f340:   00000000032b7b30 00000006c565ef98
0x000000001f81f350:   00000006c1d16da0 000000001f81f358
0x000000001f81f360:   000000001c507e6d 000000001f81f3c8
0x000000001f81f370:   000000001c58a8b0 0000000021baa258
0x000000001f81f380:   000000001c507ed0 000000001f81f348
0x000000001f81f390:   000000001f81f3d0 000000001f81f4f0
0x000000001f81f3a0:   0000000004c590dc 0000000000000000
0x000000001f81f3b0:   0000000000000000 0000000000000000
0x000000001f81f3c0:   0000000000000000 0000000000000000
0x000000001f81f3d0:   000000001f81f410 000000001c5ab678
0x000000001f81f3e0:   0000000025d1ebc0 000000001c5ab568
0x000000001f81f3f0:   0000000000000000 000000001f81f410
0x000000001f81f400:   000000001f81f4f0 00000000032b08da
0x000000001f81f410:   0000000000000000 0000000000000000
0x000000001f81f420:   0000000000000000 0000000000000000
0x000000001f81f430:   0000000000000000 0000000000000000 

Instructions: (pc=0x00000000032d3f9a)
0x00000000032d3f7a:   48 83 c2 10 4c 8b 6a d8 41 83 ed 04 41 c1 e5 03
0x00000000032d3f8a:   49 03 d5 48 89 55 e0 4c 8d 6c 24 08 4c 89 6d f0
0x00000000032d3f9a:   ff 63 50 66 66 90 c0 02 00 00 00 00 00 00 c8 e3
0x00000000032d3faa:   89 55 00 00 00 00 b7 00 00 00 00 00 00 00 00 00 


Register to memory mapping:

RAX=0x00000007c0000208 is pointing into metadata
RBX=0x00000000031feea0 is an unknown value
RCX=0x00000006c1d16da0 is an oop
[C 
 - klass: {type array char}
 - length: 24
RDX=0x0000000021baa258 is pointing into metadata
RSP=0x000000001f81f340 is pointing into the stack for thread: 0x00000000032aa000
RBP=0x000000001f81f398 is pointing into the stack for thread: 0x00000000032aa000
RSI=0x00000000230eeef8 is an unknown value
RDI=0x0000000028b82130 is an unknown value
R8 =0x0000000001410fc0 is an unknown value
R9 =0x0000000000000001 is an unknown value
R10=0x0000000055aa49a0 is an unknown value
R11=0x000000001f81f300 is pointing into the stack for thread: 0x00000000032aa000
R12=0x0000000000000000 is an unknown value
R13=0x000000001f81f348 is pointing into the stack for thread: 0x00000000032aa000
R14=0x0000000021baa258 is pointing into metadata
R15=0x00000000032aa000 is a thread


Stack: [0x000000001f720000,0x000000001f820000],  sp=0x000000001f81f340,  free space=1020k
Native frames: (J=compiled Java code, j=interpreted, Vv=VM code, C=native code)
C  0x00000000032d3f9a


---------------  P R O C E S S  ---------------

Java Threads: ( => current thread )
  0x0000000027b8b800 JavaThread "org.eclipse.jetty.server.session.HashSessionManager@55a609ddTimer" daemon [_thread_blocked, id=13456, stack(0x0000000030880000,0x0000000030980000)]
  0x0000000027b88800 JavaThread "PathWatcher-Thread[D:\宸ヤ绌洪\Eclipse-1707D-CMS-1906\shentianyu-cms-first (+11)]" daemon [_thread_in_native, id=11524, stack(0x0000000042670000,0x0000000042770000)]
  0x0000000020b39000 JavaThread "qtp1081344572-47" [_thread_blocked, id=12804, stack(0x0000000030a80000,0x0000000030b80000)]
  0x0000000020b39800 JavaThread "qtp1081344572-46" [_thread_blocked, id=12900, stack(0x0000000031350000,0x0000000031450000)]
  0x0000000020b3b000 JavaThread "qtp1081344572-44" [_thread_blocked, id=13768, stack(0x0000000030980000,0x0000000030a80000)]
  0x0000000020b3a800 JavaThread "qtp1081344572-43" [_thread_blocked, id=2416, stack(0x0000000030780000,0x0000000030880000)]
  0x0000000020b37800 JavaThread "qtp1081344572-42" [_thread_blocked, id=13696, stack(0x00000000262f0000,0x00000000263f0000)]
  0x0000000020b36800 JavaThread "qtp1081344572-41" [_thread_blocked, id=3720, stack(0x00000000261f0000,0x00000000262f0000)]
  0x0000000020b2f000 JavaThread "qtp1081344572-40" [_thread_blocked, id=13876, stack(0x0000000025ff0000,0x00000000260f0000)]
  0x0000000020b36000 JavaThread "qtp1081344572-39" [_thread_blocked, id=10516, stack(0x00000000259f0000,0x0000000025af0000)]
  0x0000000020b35000 JavaThread "qtp1081344572-38" [_thread_blocked, id=4268, stack(0x00000000258f0000,0x00000000259f0000)]
  0x0000000020b34800 JavaThread "qtp1081344572-37" [_thread_blocked, id=1168, stack(0x00000000256f0000,0x00000000257f0000)]
  0x0000000020b31800 JavaThread "qtp1081344572-36" [_thread_blocked, id=13252, stack(0x0000000001230000,0x0000000001330000)]
  0x0000000020b32000 JavaThread "MySQL Statement Cancellation Timer" daemon [_thread_blocked, id=12432, stack(0x0000000031050000,0x0000000031150000)]
  0x000000002074a000 JavaThread "org.eclipse.jetty.server.session.HashSessionManager@20ffb8d5Timer" daemon [_thread_blocked, id=13836, stack(0x000000002a330000,0x000000002a430000)]
  0x0000000020748000 JavaThread "qtp1081344572-26" [_thread_in_native, id=2868, stack(0x00000000260f0000,0x00000000261f0000)]
  0x0000000024a1c000 JavaThread "qtp1081344572-24" [_thread_in_native, id=8752, stack(0x0000000025ef0000,0x0000000025ff0000)]
  0x00000000234c3000 JavaThread "qtp1081344572-23" [_thread_in_native, id=2144, stack(0x0000000025df0000,0x0000000025ef0000)]
  0x0000000022570000 JavaThread "qtp1081344572-22" [_thread_blocked, id=14320, stack(0x0000000025af0000,0x0000000025bf0000)]
  0x000000002244c800 JavaThread "qtp1081344572-19" [_thread_blocked, id=3692, stack(0x00000000257f0000,0x00000000258f0000)]
  0x000000002392d800 JavaThread "qtp1081344572-17-acceptor-0@2311503e-ServerConnector@60807fd9{HTTP/1.1,[http/1.1]}{localhost:8083}" [_thread_in_native, id=10204, stack(0x00000000255f0000,0x00000000256f0000)]
  0x0000000022eb9000 JavaThread "qtp1081344572-16" [_thread_blocked, id=9644, stack(0x00000000254f0000,0x00000000255f0000)]
  0x0000000022eb8800 JavaThread "qtp1081344572-15" [_thread_in_native, id=13948, stack(0x00000000253f0000,0x00000000254f0000)]
  0x000000001e6b6800 JavaThread "Service Thread" daemon [_thread_blocked, id=10904, stack(0x000000001ff20000,0x0000000020020000)]
  0x000000001e628800 JavaThread "C1 CompilerThread3" daemon [_thread_blocked, id=6008, stack(0x000000001fe20000,0x000000001ff20000)]
  0x000000001e628000 JavaThread "C2 CompilerThread2" daemon [_thread_blocked, id=12724, stack(0x000000001fd20000,0x000000001fe20000)]
  0x000000001e61f000 JavaThread "C2 CompilerThread1" daemon [_thread_blocked, id=13900, stack(0x000000001fc20000,0x000000001fd20000)]
  0x000000001e61b800 JavaThread "C2 CompilerThread0" daemon [_thread_blocked, id=7968, stack(0x000000001fb20000,0x000000001fc20000)]
  0x000000001e617800 JavaThread "Attach Listener" daemon [_thread_blocked, id=11160, stack(0x000000001fa20000,0x000000001fb20000)]
  0x000000001e5ca800 JavaThread "Signal Dispatcher" daemon [_thread_blocked, id=13320, stack(0x000000001f920000,0x000000001fa20000)]
  0x000000001e5b3000 JavaThread "Finalizer" daemon [_thread_in_native, id=4876, stack(0x000000001f820000,0x000000001f920000)]
=>0x00000000032aa000 JavaThread "Reference Handler" daemon [_thread_in_Java, id=13408, stack(0x000000001f720000,0x000000001f820000)]
  0x00000000031b1000 JavaThread "main" [_thread_blocked, id=6960, stack(0x0000000003040000,0x0000000003140000)]

Other Threads:
  0x000000001cec7000 VMThread [stack: 0x000000001f620000,0x000000001f720000] [id=13688]
  0x000000001e70f800 WatcherThread [stack: 0x0000000020020000,0x0000000020120000] [id=5576]

VM state:not at safepoint (normal execution)

VM Mutex/Monitor currently owned by a thread: None

Heap:
 PSYoungGen      total 786944K, used 1778K [0x000000076b400000, 0x00000007a6600000, 0x00000007c0000000)
  eden space 679936K, 0% used [0x000000076b400000,0x000000076b5bcb18,0x0000000794c00000)
  from space 107008K, 0% used [0x000000079d180000,0x000000079d180000,0x00000007a3a00000)
  to   space 136704K, 0% used [0x0000000794c00000,0x0000000794c00000,0x000000079d180000)
 ParOldGen       total 369152K, used 154821K [0x00000006c1c00000, 0x00000006d8480000, 0x000000076b400000)
  object space 369152K, 41% used [0x00000006c1c00000,0x00000006cb331608,0x00000006d8480000)
 Metaspace       used 91513K, capacity 93672K, committed 94208K, reserved 1132544K
  class space    used 10588K, capacity 11068K, committed 11264K, reserved 1048576K

Card table byte_map: [0x0000000012670000,0x0000000012e70000] byte_map_base: 0x000000000f062000

Marking Bits: (ParMarkBitMap*) 0x0000000055ac2f70
 Begin Bits: [0x0000000013dc0000, 0x0000000017d50000)
 End Bits:   [0x0000000017d50000, 0x000000001bce0000)

Polling page: 0x0000000000e00000

CodeCache: size=245760Kb used=35350Kb max_used=35412Kb free=210409Kb
 bounds [0x00000000032b0000, 0x0000000005580000, 0x00000000122b0000]
 total_blobs=9979 nmethods=9404 adapters=485
 compilation: enabled

Compilation events (10 events):
Event: 1950.239 Thread 0x000000001e628800 11253       3       org.apache.commons.logging.LogAdapter$Slf4jLog::isTraceEnabled (10 bytes)
Event: 1950.239 Thread 0x000000001e628800 nmethod 11253 0x0000000005537850 code [0x00000000055379c0, 0x0000000005537be8]
Event: 1950.240 Thread 0x000000001e628800 11256       1       org.springframework.beans.GenericTypeAwarePropertyDescriptor::getReadMethod (5 bytes)
Event: 1950.240 Thread 0x000000001e628800 nmethod 11256 0x0000000005537c90 code [0x0000000005537de0, 0x0000000005537ef0]
Event: 1950.264 Thread 0x000000001e628800 11257   !   3       java.util.logging.LogManager::ensureLogManagerInitialized (128 bytes)
Event: 1950.264 Thread 0x000000001e628800 nmethod 11257 0x0000000005537f50 code [0x0000000005538100, 0x0000000005538788]
Event: 1950.278 Thread 0x000000001e628800 11258       3       java.util.logging.Logger::isLoggable (25 bytes)
Event: 1950.279 Thread 0x000000001e628800 nmethod 11258 0x0000000005538990 code [0x0000000005538b00, 0x0000000005538d90]
Event: 1950.318 Thread 0x000000001e628800 11259       3       java.util.WeakHashMap::containsKey (14 bytes)
Event: 1950.319 Thread 0x000000001e628800 nmethod 11259 0x0000000005538e50 code [0x0000000005538fc0, 0x0000000005539228]

GC Heap History (10 events):
Event: 1917.311 GC heap before
{Heap before GC invocations=16 (full 3):
 PSYoungGen      total 411136K, used 394770K [0x000000076b400000, 0x0000000788380000, 0x00000007c0000000)
  eden space 389632K, 100% used [0x000000076b400000,0x0000000783080000,0x0000000783080000)
  from space 21504K, 23% used [0x0000000786e80000,0x0000000787384a18,0x0000000788380000)
  to   space 42496K, 0% used [0x0000000783080000,0x0000000783080000,0x0000000785a00000)
 ParOldGen       total 192000K, used 40988K [0x00000006c1c00000, 0x00000006cd780000, 0x000000076b400000)
  object space 192000K, 21% used [0x00000006c1c00000,0x00000006c44073c8,0x00000006cd780000)
 Metaspace       used 60484K, capacity 61950K, committed 62208K, reserved 1103872K
  class space    used 6731K, capacity 7110K, committed 7168K, reserved 1048576K
Event: 1917.383 GC heap after
Heap after GC invocations=16 (full 3):
 PSYoungGen      total 432128K, used 42491K [0x000000076b400000, 0x0000000793900000, 0x00000007c0000000)
  eden space 389632K, 0% used [0x000000076b400000,0x000000076b400000,0x0000000783080000)
  from space 42496K, 99% used [0x0000000783080000,0x00000007859fef48,0x0000000785a00000)
  to   space 65536K, 0% used [0x000000078f900000,0x000000078f900000,0x0000000793900000)
 ParOldGen       total 192000K, used 86239K [0x00000006c1c00000, 0x00000006cd780000, 0x000000076b400000)
  object space 192000K, 44% used [0x00000006c1c00000,0x00000006c7037f98,0x00000006cd780000)
 Metaspace       used 60484K, capacity 61950K, committed 62208K, reserved 1103872K
  class space    used 6731K, capacity 7110K, committed 7168K, reserved 1048576K
}
Event: 1935.688 GC heap before
{Heap before GC invocations=17 (full 3):
 PSYoungGen      total 432128K, used 432123K [0x000000076b400000, 0x0000000793900000, 0x00000007c0000000)
  eden space 389632K, 100% used [0x000000076b400000,0x0000000783080000,0x0000000783080000)
  from space 42496K, 99% used [0x0000000783080000,0x00000007859fef48,0x0000000785a00000)
  to   space 65536K, 0% used [0x000000078f900000,0x000000078f900000,0x0000000793900000)
 ParOldGen       total 192000K, used 86251K [0x00000006c1c00000, 0x00000006cd780000, 0x000000076b400000)
  object space 192000K, 44% used [0x00000006c1c00000,0x00000006c703ac90,0x00000006cd780000)
 Metaspace       used 75912K, capacity 77688K, committed 78080K, reserved 1118208K
  class space    used 8681K, capacity 9109K, committed 9216K, reserved 1048576K
Event: 1935.744 GC heap after
Heap after GC invocations=17 (full 3):
 PSYoungGen      total 580608K, used 63724K [0x000000076b400000, 0x0000000793f00000, 0x00000007c0000000)
  eden space 515072K, 0% used [0x000000076b400000,0x000000076b400000,0x000000078ab00000)
  from space 65536K, 97% used [0x000000078f900000,0x000000079373b390,0x0000000793900000)
  to   space 75776K, 0% used [0x000000078ab00000,0x000000078ab00000,0x000000078f500000)
 ParOldGen       total 192000K, used 86799K [0x00000006c1c00000, 0x00000006cd780000, 0x000000076b400000)
  object space 192000K, 45% used [0x00000006c1c00000,0x00000006c70c3e18,0x00000006cd780000)
 Metaspace       used 75912K, capacity 77688K, committed 78080K, reserved 1118208K
  class space    used 8681K, capacity 9109K, committed 9216K, reserved 1048576K
}
Event: 1937.361 GC heap before
{Heap before GC invocations=18 (full 3):
 PSYoungGen      total 580608K, used 578796K [0x000000076b400000, 0x0000000793f00000, 0x00000007c0000000)
  eden space 515072K, 100% used [0x000000076b400000,0x000000078ab00000,0x000000078ab00000)
  from space 65536K, 97% used [0x000000078f900000,0x000000079373b390,0x0000000793900000)
  to   space 75776K, 0% used [0x000000078ab00000,0x000000078ab00000,0x000000078f500000)
 ParOldGen       total 192000K, used 86809K [0x00000006c1c00000, 0x00000006cd780000, 0x000000076b400000)
  object space 192000K, 45% used [0x00000006c1c00000,0x00000006c70c67f8,0x00000006cd780000)
 Metaspace       used 85021K, capacity 87052K, committed 87424K, reserved 1126400K
  class space    used 9789K, capacity 10264K, committed 10368K, reserved 1048576K
Event: 1937.475 GC heap after
Heap after GC invocations=18 (full 3):
 PSYoungGen      total 590848K, used 75769K [0x000000076b400000, 0x00000007a3a00000, 0x00000007c0000000)
  eden space 515072K, 0% used [0x000000076b400000,0x000000076b400000,0x000000078ab00000)
  from space 75776K, 99% used [0x000000078ab00000,0x000000078f4fe7e0,0x000000078f500000)
  to   space 107008K, 0% used [0x000000079d180000,0x000000079d180000,0x00000007a3a00000)
 ParOldGen       total 192000K, used 137213K [0x00000006c1c00000, 0x00000006cd780000, 0x000000076b400000)
  object space 192000K, 71% used [0x00000006c1c00000,0x00000006ca1ff780,0x00000006cd780000)
 Metaspace       used 85021K, capacity 87052K, committed 87424K, reserved 1126400K
  class space    used 9789K, capacity 10264K, committed 10368K, reserved 1048576K
}
Event: 1950.319 GC heap before
{Heap before GC invocations=19 (full 3):
 PSYoungGen      total 590848K, used 590841K [0x000000076b400000, 0x00000007a3a00000, 0x00000007c0000000)
  eden space 515072K, 100% used [0x000000076b400000,0x000000078ab00000,0x000000078ab00000)
  from space 75776K, 99% used [0x000000078ab00000,0x000000078f4fe7e0,0x000000078f500000)
  to   space 107008K, 0% used [0x000000079d180000,0x000000079d180000,0x00000007a3a00000)
 ParOldGen       total 192000K, used 137213K [0x00000006c1c00000, 0x00000006cd780000, 0x000000076b400000)
  object space 192000K, 71% used [0x00000006c1c00000,0x00000006ca1ff780,0x00000006cd780000)
 Metaspace       used 91618K, capacity 93844K, committed 94080K, reserved 1132544K
  class space    used 10594K, capacity 11116K, committed 11136K, reserved 1048576K
Event: 1950.442 GC heap after
Heap after GC invocations=19 (full 3):
 PSYoungGen      total 786944K, used 107007K [0x000000076b400000, 0x00000007a6600000, 0x00000007c0000000)
  eden space 679936K, 0% used [0x000000076b400000,0x000000076b400000,0x0000000794c00000)
  from space 107008K, 99% used [0x000000079d180000,0x00000007a39ffd68,0x00000007a3a00000)
  to   space 136704K, 0% used [0x0000000794c00000,0x0000000794c00000,0x000000079d180000)
 ParOldGen       total 192000K, used 167001K [0x00000006c1c00000, 0x00000006cd780000, 0x000000076b400000)
  object space 192000K, 86% used [0x00000006c1c00000,0x00000006cbf164b0,0x00000006cd780000)
 Metaspace       used 91618K, capacity 93844K, committed 94080K, reserved 1132544K
  class space    used 10594K, capacity 11116K, committed 11136K, reserved 1048576K
}
Event: 1950.442 GC heap before
{Heap before GC invocations=20 (full 4):
 PSYoungGen      total 786944K, used 107007K [0x000000076b400000, 0x00000007a6600000, 0x00000007c0000000)
  eden space 679936K, 0% used [0x000000076b400000,0x000000076b400000,0x0000000794c00000)
  from space 107008K, 99% used [0x000000079d180000,0x00000007a39ffd68,0x00000007a3a00000)
  to   space 136704K, 0% used [0x0000000794c00000,0x0000000794c00000,0x000000079d180000)
 ParOldGen       total 192000K, used 167001K [0x00000006c1c00000, 0x00000006cd780000, 0x000000076b400000)
  object space 192000K, 86% used [0x00000006c1c00000,0x00000006cbf164b0,0x00000006cd780000)
 Metaspace       used 91618K, capacity 93844K, committed 94080K, reserved 1132544K
  class space    used 10594K, capacity 11116K, committed 11136K, reserved 1048576K
Event: 1950.558 GC heap after
Heap after GC invocations=20 (full 4):
 PSYoungGen      total 786944K, used 0K [0x000000076b400000, 0x00000007a6600000, 0x00000007c0000000)
  eden space 679936K, 0% used [0x000000076b400000,0x000000076b400000,0x0000000794c00000)
  from space 107008K, 0% used [0x000000079d180000,0x000000079d180000,0x00000007a3a00000)
  to   space 136704K, 0% used [0x0000000794c00000,0x0000000794c00000,0x000000079d180000)
 ParOldGen       total 369152K, used 154821K [0x00000006c1c00000, 0x00000006d8480000, 0x000000076b400000)
  object space 369152K, 41% used [0x00000006c1c00000,0x00000006cb331608,0x00000006d8480000)
 Metaspace       used 91260K, capacity 93384K, committed 94080K, reserved 1132544K
  class space    used 10555K, capacity 11036K, committed 11136K, reserved 1048576K
}

Deoptimization events (10 events):
Event: 1937.170 Thread 0x000000002074c800 Uncommon trap: reason=speculate_class_check action=maybe_recompile pc=0x00000000052ad0c4 method=org.aspectj.weaver.ResolvedMemberImpl.matches(Lorg/aspectj/weaver/ResolvedMember;Z)Z @ 24
Event: 1937.177 Thread 0x000000002074c800 Uncommon trap: reason=class_check action=maybe_recompile pc=0x000000000537218c method=org.aspectj.weaver.ResolvedMemberImpl.matches(Lorg/aspectj/weaver/ResolvedMember;Z)Z @ 1
Event: 1937.177 Thread 0x000000002074c800 Uncommon trap: reason=class_check action=maybe_recompile pc=0x000000000537218c method=org.aspectj.weaver.ResolvedMemberImpl.matches(Lorg/aspectj/weaver/ResolvedMember;Z)Z @ 1
Event: 1937.177 Thread 0x000000002074c800 Uncommon trap: reason=class_check action=maybe_recompile pc=0x000000000537218c method=org.aspectj.weaver.ResolvedMemberImpl.matches(Lorg/aspectj/weaver/ResolvedMember;Z)Z @ 1
Event: 1937.177 Thread 0x000000002074c800 Uncommon trap: reason=class_check action=maybe_recompile pc=0x000000000537218c method=org.aspectj.weaver.ResolvedMemberImpl.matches(Lorg/aspectj/weaver/ResolvedMember;Z)Z @ 1
Event: 1937.179 Thread 0x000000002074c800 Uncommon trap: reason=predicate action=maybe_recompile pc=0x00000000052f07e0 method=org.aspectj.weaver.Iterators$ResolvedTypeArrayIterator.moveToNextNewOne()V @ 11
Event: 1937.241 Thread 0x000000002074c800 Uncommon trap: reason=unstable_if action=reinterpret pc=0x0000000005314360 method=org.springframework.core.ResolvableType.getInterfaces()[Lorg/springframework/core/ResolvableType; @ 19
Event: 1950.259 Thread 0x0000000027b88800 Uncommon trap: reason=bimorphic action=maybe_recompile pc=0x0000000004973010 method=java.io.PrintWriter.write(Ljava/lang/String;II)V @ 19
Event: 1950.259 Thread 0x0000000027b88800 Uncommon trap: reason=bimorphic action=maybe_recompile pc=0x0000000004c44de4 method=java.io.PrintWriter.newLine()V @ 19
Event: 1950.563 Thread 0x00000000032aa000 Uncommon trap: reason=class_check action=maybe_recompile pc=0x000000000401d128 method=java.lang.ref.Reference.tryHandlePending(Z)Z @ 109

Internal exceptions (10 events):
Event: 1950.242 Thread 0x0000000027b88800 Exception <a 'java/lang/ClassNotFoundException': java/sql/WrapperBeanInfo> (0x000000078a41ab20) thrown at [C:\re\workspace\8-2-build-windows-amd64-cygwin\jdk8u91\6644\hotspot\src\share\vm\classfile\systemDictionary.cpp, line 210]
Event: 1950.242 Thread 0x0000000027b88800 Exception <a 'java/lang/ClassNotFoundException': java/sql/WrapperCustomizer> (0x000000078a4255c8) thrown at [C:\re\workspace\8-2-build-windows-amd64-cygwin\jdk8u91\6644\hotspot\src\share\vm\classfile\systemDictionary.cpp, line 210]
Event: 1950.243 Thread 0x0000000027b88800 Exception <a 'java/lang/ClassNotFoundException': javax/naming/ReferenceableBeanInfo> (0x000000078a433a30) thrown at [C:\re\workspace\8-2-build-windows-amd64-cygwin\jdk8u91\6644\hotspot\src\share\vm\classfile\systemDictionary.cpp, line 210]
Event: 1950.243 Thread 0x0000000027b88800 Exception <a 'java/lang/ClassNotFoundException': javax/naming/ReferenceableCustomizer> (0x000000078a43ffe0) thrown at [C:\re\workspace\8-2-build-windows-amd64-cygwin\jdk8u91\6644\hotspot\src\share\vm\classfile\systemDictionary.cpp, line 210]
Event: 1950.243 Thread 0x0000000027b88800 Exception <a 'java/lang/ClassNotFoundException': javax/sql/ConnectionPoolDataSourceBeanInfo> (0x000000078a44e780) thrown at [C:\re\workspace\8-2-build-windows-amd64-cygwin\jdk8u91\6644\hotspot\src\share\vm\classfile\systemDictionary.cpp, line 210]
Event: 1950.243 Thread 0x0000000027b88800 Exception <a 'java/lang/ClassNotFoundException': javax/sql/ConnectionPoolDataSourceCustomizer> (0x000000078a45c020) thrown at [C:\re\workspace\8-2-build-windows-amd64-cygwin\jdk8u91\6644\hotspot\src\share\vm\classfile\systemDictionary.cpp, line 210]
Event: 1950.244 Thread 0x0000000027b88800 Exception <a 'java/lang/ClassNotFoundException': com/alibaba/druid/proxy/jdbc/DataSourceProxyBeanInfo> (0x000000078a47e538) thrown at [C:\re\workspace\8-2-build-windows-amd64-cygwin\jdk8u91\6644\hotspot\src\share\vm\classfile\systemDictionary.cpp, line 210-8Lx@
Event: 1950.244 Thread 0x0000000027b88800 Exception <a 'java/lang/ClassNotFoundException': com/alibaba/druid/proxy/jdbc/DataSourceProxyCustomizer> (0x000000078a49bdc8) thrown at [C:\re\workspace\8-2-build-windows-amd64-cygwin\jdk8u91\6644\hotspot\src\share\vm\classfile\systemDictionary.cpp, line 2ぜAy@
Event: 1950.314 Thread 0x0000000027b88800 Exception <a 'java/lang/ArrayIndexOutOfBoundsException': 17> (0x000000078aaa6730) thrown at [C:\re\workspace\8-2-build-windows-amd64-cygwin\jdk8u91\6644\hotspot\src\share\vm\interpreter\interpreterRuntime.cpp, line 366]
Event: 1950.314 Thread 0x0000000027b88800 Exception <a 'java/lang/ArrayIndexOutOfBoundsException': 17> (0x000000078aaa6d58) thrown at [C:\re\workspace\8-2-build-windows-amd64-cygwin\jdk8u91\6644\hotspot\src\share\vm\interpreter\interpreterRuntime.cpp, line 366]

Events (10 events):
Event: 1950.259 Thread 0x0000000027b88800 DEOPT PACKING pc=0x0000000004973010 sp=0x000000004276a9c0
Event: 1950.259 Thread 0x0000000027b88800 DEOPT UNPACKING pc=0x00000000032f582a sp=0x000000004276a8f0 mode 2
Event: 1950.259 Thread 0x0000000027b88800 Uncommon trap: trap_request=0xffffffc6 fr.pc=0x0000000004c44de4
Event: 1950.259 Thread 0x0000000027b88800 DEOPT PACKING pc=0x0000000004c44de4 sp=0x000000004276a9c0
Event: 1950.259 Thread 0x0000000027b88800 DEOPT UNPACKING pc=0x00000000032f582a sp=0x000000004276a980 mode 2
Event: 1950.319 Executing VM operation: ParallelGCFailedAllocation
Event: 1950.558 Executing VM operation: ParallelGCFailedAllocation done
Event: 1950.563 Thread 0x00000000032aa000 Uncommon trap: trap_request=0xffffffde fr.pc=0x000000000401d128
Event: 1950.563 Thread 0x00000000032aa000 DEOPT PACKING pc=0x000000000401d128 sp=0x000000001f81f370
Event: 1950.563 Thread 0x00000000032aa000 DEOPT UNPACKING pc=0x00000000032f582a sp=0x000000001f81f318 mode 2


Dynamic libraries:
0x00007ff638800000 - 0x00007ff638837000 	D:\Eclipse-jdk-jre\Java\jdk1.8.0_91\bin\javaw.exe
0x00007fff57a80000 - 0x00007fff57c70000 	C:\Windows\SYSTEM32\ntdll.dll
0x00007fff56020000 - 0x00007fff560d2000 	C:\Windows\System32\KERNEL32.DLL
0x00007fff54da0000 - 0x00007fff55043000 	C:\Windows\System32\KERNELBASE.dll
0x00007fff56910000 - 0x00007fff569b3000 	C:\Windows\System32\ADVAPI32.dll
0x00007fff57360000 - 0x00007fff573fe000 	C:\Windows\System32\msvcrt.dll
0x00007fff56860000 - 0x00007fff568f7000 	C:\Windows\System32\sechost.dll
0x00007fff57920000 - 0x00007fff57a40000 	C:\Windows\System32\RPCRT4.dll
0x00007fff55cd0000 - 0x00007fff55e64000 	C:\Windows\System32\USER32.dll
0x00007fff54cd0000 - 0x00007fff54cf1000 	C:\Windows\System32\win32u.dll
0x00007fff55b30000 - 0x00007fff55b56000 	C:\Windows\System32\GDI32.dll
0x00007fff54a30000 - 0x00007fff54bc4000 	C:\Windows\System32\gdi32full.dll
0x00007fff54d00000 - 0x00007fff54d9e000 	C:\Windows\System32\msvcp_win.dll
0x00007fff54bd0000 - 0x00007fff54cca000 	C:\Windows\System32\ucrtbase.dll
0x00007fff42590000 - 0x00007fff42815000 	C:\Windows\WinSxS\amd64_microsoft.windows.common-controls_6595b64144ccf1df_6.0.18362.476_none_e6c4b11b130f2595\COMCTL32.dll
0x00007fff56fb0000 - 0x00007fff572e6000 	C:\Windows\System32\combase.dll
0x00007fff55a30000 - 0x00007fff55ab0000 	C:\Windows\System32\bcryptPrimitives.dll
0x00007fff55ca0000 - 0x00007fff55cce000 	C:\Windows\System32\IMM32.DLL
0x00000000551d0000 - 0x00000000552a2000 	D:\Eclipse-jdk-jre\Java\jdk1.8.0_91\jre\bin\msvcr100.dll
0x00000000552b0000 - 0x0000000055b43000 	D:\Eclipse-jdk-jre\Java\jdk1.8.0_91\jre\bin\server\jvm.dll
0x00007fff56a80000 - 0x00007fff56a88000 	C:\Windows\System32\PSAPI.DLL
0x00007fff52260000 - 0x00007fff52284000 	C:\Windows\SYSTEM32\WINMM.dll
0x00007fff4f950000 - 0x00007fff4f959000 	C:\Windows\SYSTEM32\WSOCK32.dll
0x00007fff48460000 - 0x00007fff4846a000 	C:\Windows\SYSTEM32\VERSION.dll
0x00007fff572f0000 - 0x00007fff5735f000 	C:\Windows\System32\WS2_32.dll
0x00007fff51b70000 - 0x00007fff51b9d000 	C:\Windows\SYSTEM32\WINMMBASE.dll
0x00007fff55ae0000 - 0x00007fff55b2a000 	C:\Windows\System32\cfgmgr32.dll
0x00000000551c0000 - 0x00000000551cf000 	D:\Eclipse-jdk-jre\Java\jdk1.8.0_91\jre\bin\verify.dll
0x0000000055190000 - 0x00000000551b9000 	D:\Eclipse-jdk-jre\Java\jdk1.8.0_91\jre\bin\java.dll
0x0000000055170000 - 0x0000000055186000 	D:\Eclipse-jdk-jre\Java\jdk1.8.0_91\jre\bin\zip.dll
0x00007fff56170000 - 0x00007fff56855000 	C:\Windows\System32\SHELL32.dll
0x00007fff55be0000 - 0x00007fff55c89000 	C:\Windows\System32\shcore.dll
0x00007fff552b0000 - 0x00007fff55a2e000 	C:\Windows\System32\windows.storage.dll
0x00007fff549a0000 - 0x00007fff549bf000 	C:\Windows\System32\profapi.dll
0x00007fff549c0000 - 0x00007fff54a0a000 	C:\Windows\System32\powrprof.dll
0x00007fff54950000 - 0x00007fff54960000 	C:\Windows\System32\UMPDC.dll
0x00007fff569c0000 - 0x00007fff56a12000 	C:\Windows\System32\shlwapi.dll
0x00007fff54980000 - 0x00007fff54991000 	C:\Windows\System32\kernel.appcore.dll
0x00007fff54a10000 - 0x00007fff54a27000 	C:\Windows\System32\cryptsp.dll
0x00007fff53d00000 - 0x00007fff53d33000 	C:\Windows\system32\rsaenh.dll
0x00007fff55ab0000 - 0x00007fff55ad6000 	C:\Windows\System32\bcrypt.dll
0x00007fff54840000 - 0x00007fff54865000 	C:\Windows\SYSTEM32\USERENV.dll
0x00007fff54360000 - 0x00007fff5436c000 	C:\Windows\SYSTEM32\CRYPTBASE.dll
0x0000000055150000 - 0x000000005516a000 	D:\Eclipse-jdk-jre\Java\jdk1.8.0_91\jre\bin\net.dll
0x00007fff54190000 - 0x00007fff541f7000 	C:\Windows\system32\mswsock.dll
0x00007fff53ea0000 - 0x00007fff53eda000 	C:\Windows\SYSTEM32\IPHLPAPI.DLL
0x00007fff55c90000 - 0x00007fff55c98000 	C:\Windows\System32\NSI.dll
0x00007fff48440000 - 0x00007fff48456000 	C:\Windows\SYSTEM32\dhcpcsvc6.DLL
0x00007fff48410000 - 0x00007fff4842c000 	C:\Windows\SYSTEM32\dhcpcsvc.DLL
0x00007fff53ee0000 - 0x00007fff53faa000 	C:\Windows\SYSTEM32\DNSAPI.dll
0x0000000055130000 - 0x0000000055141000 	D:\Eclipse-jdk-jre\Java\jdk1.8.0_91\jre\bin\nio.dll
0x00007fff4fad0000 - 0x00007fff4fada000 	C:\Users\tianyu\AppData\Local\Temp\jansi-1.17.1-2549136778742966600.dll
0x00007fff4f9a0000 - 0x00007fff4f9aa000 	C:\Users\tianyu\AppData\Local\Temp\jansi-1.17.1-2876848737737920755.dll
0x0000000055b80000 - 0x0000000055b8d000 	D:\Eclipse-jdk-jre\Java\jdk1.8.0_91\jre\bin\management.dll
0x00007fff47270000 - 0x00007fff4727a000 	C:\Windows\System32\rasadhlp.dll
0x00007fff47c50000 - 0x00007fff47cc7000 	C:\Windows\System32\fwpuclnt.dll
0x00007fff4ccf0000 - 0x00007fff4cee4000 	C:\Windows\SYSTEM32\dbghelp.dll

VM Arguments:
jvm_args: -Dmaven.home=D:\CMS管理系统\小一\apache-maven-3.6.0-bin\apache-maven-3.6.0 -Dclassworlds.conf=D:\工作空间\Eclipse-1707D-CMS-1906\.metadata\.plugins\org.eclipse.m2e.launching\launches\m2conf9141615866530842456.tmp -Dmaven.multiModuleProjectDirectory=D:\工作空间\Eclipse-1707D-CMS-1906\shentianyu-cms-first -Dfile.encoding=GBK 
java_command: org.codehaus.plexus.classworlds.launcher.Launcher -B -gs D:\CMS管理系统\小一\apache-maven-3.6.0-bin\apache-maven-3.6.0\conf\settings.xml -s D:\CMS管理系统\小一\apache-maven-3.6.0-bin\apache-maven-3.6.0\conf\settings.xml jetty:run
java_class_path (initial): D:\CMS管理系统\小一\apache-maven-3.6.0-bin\apache-maven-3.6.0\boot\plexus-classworlds-2.5.2.jar
Launcher Type: SUN_STANDARD

Environment Variables:
PATH=D:/Eclipse-jdk-jre/Java/jdk1.8.0_91/bin/../jre/bin/server;D:/Eclipse-jdk-jre/Java/jdk1.8.0_91/bin/../jre/bin;D:/Eclipse-jdk-jre/Java/jdk1.8.0_91/bin/../jre/lib/amd64;D:\Eclipse-jdk-jre\Java\jdk1.8.0_91\bin;C:\Program Files\Git\cmd;D:\CMS管理系统\git01\Git\cmd;%M2;HOME%\bin;D:\CMS管理系统\安装git\Git\cmd;C:\Users\tianyu\AppData\Local\Microsoft\WindowsApps;;D:\安装软件\eclipse_06\eclipse;
USERNAME=tianyu
OS=Windows_NT
PROCESSOR_IDENTIFIER=Intel64 Family 6 Model 158 Stepping 10, GenuineIntel



---------------  S Y S T E M  ---------------

OS: Windows 10.0 , 64 bit Build 18362 (10.0.18362.329)

CPU:total 12 (6 cores per cpu, 2 threads per core) family 6 model 158 stepping 10, cmov, cx8, fxsr, mmx, sse, sse2, sse3, ssse3, sse4.1, sse4.2, popcnt, avx, avx2, aes, clmul, erms, 3dnowpref, lzcnt, ht, tsc, tscinvbit, bmi1, bmi2, adx

Memory: 4k page, physical 16661904k(9976572k free), swap 19152272k(9701396k free)

vm_info: Java HotSpot(TM) 64-Bit Server VM (25.91-b14) for windows-amd64 JRE (1.8.0_91-b14), built on Apr  1 2016 00:58:32 by "java_re" with MS VC++ 10.0 (VS2010)

time: Tue Nov 19 14:22:23 2019
elapsed time: 1950 seconds (0d 0h 32m 30s)

