#
# A fatal error has been detected by the Java Runtime Environment:
#
#  EXCEPTION_ACCESS_VIOLATION (0xc0000005) at pc=0x0000000003725528, pid=152104, tid=12608
#
# JRE version: Java(TM) SE Runtime Environment (8.0_91-b14) (build 1.8.0_91-b14)
# Java VM: Java HotSpot(TM) 64-Bit Server VM (25.91-b14 mixed mode windows-amd64 compressed oops)
# Problematic frame:
# v  ~BufferBlob::vtable chunks
#
# Failed to write core dump. Minidumps are not enabled by default on client versions of Windows
#
# If you would like to submit a bug report, please visit:
#   http://bugreport.java.com/bugreport/crash.jsp
#

---------------  T H R E A D  ---------------

Current thread (0x000000002127b800):  JavaThread "qtp1081344572-23" [_thread_in_Java, id=12608, stack(0x0000000026fb0000,0x00000000270b0000)]

siginfo: ExceptionCode=0xc0000005, reading address 0x00000000d85d6d2f

Registers:
RAX=0x00000007c0015858, RBX=0x0000000000000178, RCX=0x0000000000000104, RDX=0x0000000777f4d890
RSP=0x00000000270aac68, RBP=0x00000000270aaf58, RSI=0x000000003129f058, RDI=0x0000000000000001
R8 =0x00000000312b60e8, R9 =0x00000000270aab58, R10=0x00000000d85d6c0f, R11=0x000000000f0c2000
R12=0x0000000000000000, R13=0x0000000777f4d8a8, R14=0x00000000270aac68, R15=0x000000002127b800
RIP=0x0000000003725528, EFLAGS=0x0000000000010206

Top of Stack: (sp=0x00000000270aac68)
0x00000000270aac68:   00000000045f8bbc 0000000777ee1868
0x00000000270aac78:   00000000039d3e08 0000000777ee1868
0x00000000270aac88:   0000000fa9a77a8f 0000000777f4c8e0
0x00000000270aac98:   0000000777f4c768 0000000777ee1868
0x00000000270aaca8:   00000006c2901168 0000000777ee1868
0x00000000270aacb8:   00000008287c3e58 0000000777ee1868
0x00000000270aacc8:   000000000375d7f8 00000000270abf08
0x00000000270aacd8:   00000006c1c01080 0000000000000021
0x00000000270aace8:   00000006c2eb6078 0000000700000008
0x00000000270aacf8:   000000000375d794 00000006c1c284f8
0x00000000270aad08:   00000006c1c284f8 0000000777ee17a8
0x00000000270aad18:   0000000777f4c8d0 0000000777f4c9a0
0x00000000270aad28:   00000000033353f4 00000006c1c27fe0
0x00000000270aad38:   0000000777f4cae8 0000000000000000
0x00000000270aad48:   0000000777f4c858 000000000000002b
0x00000000270aad58:   0000000777f4c6e8 0000000777ee1868 

Instructions: (pc=0x0000000003725528)
0x0000000003725508:   00 00 00 00 00 00 00 00 a0 2b 42 03 00 00 00 00
0x0000000003725518:   0c 00 40 00 00 00 00 00 44 8b 52 08 49 c1 e2 03
0x0000000003725528:   45 8b 9a 20 01 00 00 4f 8d 9c da b8 01 00 00 4d
0x0000000003725538:   8d 52 60 49 8b 1b 48 3b c3 74 15 48 85 db 0f 84 


Register to memory mapping:

RAX=0x00000007c0015858 is pointing into metadata
RBX=0x0000000000000178 is an unknown value
RCX=0x0000000000000104 is an unknown value
RDX=0x0000000777f4d890 is an oop
java.util.ArrayList 
 - klass: 'java/util/ArrayList'
RSP=0x00000000270aac68 is pointing into the stack for thread: 0x000000002127b800
RBP=0x00000000270aaf58 is pointing into the stack for thread: 0x000000002127b800
RSI=0x000000003129f058 is pointing into metadata
RDI=0x0000000000000001 is an unknown value
R8 =0x00000000312b60e8 is pointing into metadata
R9 =0x00000000270aab58 is pointing into the stack for thread: 0x000000002127b800
R10=0x00000000d85d6c0f is an unknown value
R11=0x000000000f0c2000 is an unknown value
R12=0x0000000000000000 is an unknown value
R13=0x0000000777f4d8a8 is an oop
[Ljava.lang.Object; 
 - klass: 'java/lang/Object'[]
 - length: 10
R14=0x00000000270aac68 is pointing into the stack for thread: 0x000000002127b800
R15=0x000000002127b800 is a thread


Stack: [0x0000000026fb0000,0x00000000270b0000],  sp=0x00000000270aac68,  free space=1003k
Native frames: (J=compiled Java code, j=interpreted, Vv=VM code, C=native code)
C  0x0000000003725528


---------------  P R O C E S S  ---------------

Java Threads: ( => current thread )
  0x0000000023c88800 JavaThread "MySQL Statement Cancellation Timer" daemon [_thread_blocked, id=152964, stack(0x00000000328b0000,0x00000000329b0000)]
  0x0000000023c8a800 JavaThread "Druid-ConnectionPool-Destroy-304676384" daemon [_thread_blocked, id=152368, stack(0x00000000325b0000,0x00000000326b0000)]
  0x0000000023c86000 JavaThread "Druid-ConnectionPool-Create-304676384" daemon [_thread_blocked, id=154236, stack(0x00000000324b0000,0x00000000325b0000)]
  0x0000000023c8a000 JavaThread "PathWatcher-Thread[D:\宸ヤ绌洪\Eclipse-1707D-CMS-1906\shentianyu-cms-first (+11)]" daemon [_thread_blocked, id=153036, stack(0x0000000031bb0000,0x0000000031cb0000)]
  0x0000000023c84800 JavaThread "Thread-18" daemon [_thread_in_native, id=152212, stack(0x0000000030de0000,0x0000000030ee0000)]
  0x0000000023c85000 JavaThread "org.eclipse.jetty.server.session.HashSessionManager@71bb8b34Timer" daemon [_thread_blocked, id=152884, stack(0x000000002d490000,0x000000002d590000)]
  0x000000002127d000 JavaThread "org.eclipse.jetty.server.session.HashSessionManager@55a609ddTimer" daemon [_thread_blocked, id=152648, stack(0x00000000273b0000,0x00000000274b0000)]
  0x0000000021281800 JavaThread "qtp1081344572-28" [_thread_blocked, id=152204, stack(0x00000000274b0000,0x00000000275b0000)]
  0x0000000021282000 JavaThread "qtp1081344572-26-acceptor-0@5148e3a-ServerConnector@439f2d87{HTTP/1.1,[http/1.1]}{localhost:8083}" [_thread_in_native, id=152200, stack(0x00000000272b0000,0x00000000273b0000)]
  0x0000000021280000 JavaThread "qtp1081344572-25" [_thread_blocked, id=152880, stack(0x00000000271b0000,0x00000000272b0000)]
  0x000000002127f000 JavaThread "qtp1081344572-24" [_thread_blocked, id=152192, stack(0x00000000270b0000,0x00000000271b0000)]
=>0x000000002127b800 JavaThread "qtp1081344572-23" [_thread_in_Java, id=12608, stack(0x0000000026fb0000,0x00000000270b0000)]
  0x0000000023bc3800 JavaThread "qtp1081344572-22" [_thread_in_native, id=152188, stack(0x0000000026cb0000,0x0000000026db0000)]
  0x0000000023f8c800 JavaThread "qtp1081344572-21" [_thread_blocked, id=152792, stack(0x0000000026bb0000,0x0000000026cb0000)]
  0x0000000024a6e800 JavaThread "qtp1081344572-20" [_thread_blocked, id=152184, stack(0x0000000026ab0000,0x0000000026bb0000)]
  0x0000000024a6e000 JavaThread "qtp1081344572-19" [_thread_in_native, id=152728, stack(0x0000000026780000,0x0000000026880000)]
  0x0000000023578000 JavaThread "qtp1081344572-18" [_thread_blocked, id=152180, stack(0x0000000026680000,0x0000000026780000)]
  0x0000000023577800 JavaThread "qtp1081344572-17" [_thread_blocked, id=144048, stack(0x0000000026580000,0x0000000026680000)]
  0x0000000025647800 JavaThread "qtp1081344572-16" [_thread_in_native, id=152176, stack(0x00000000253e0000,0x00000000254e0000)]
  0x0000000023c6b800 JavaThread "qtp1081344572-15" [_thread_in_native, id=152468, stack(0x0000000024040000,0x0000000024140000)]
  0x000000001e6f6800 JavaThread "Service Thread" daemon [_thread_blocked, id=152160, stack(0x000000001ffb0000,0x00000000200b0000)]
  0x000000001e66b000 JavaThread "C1 CompilerThread3" daemon [_thread_blocked, id=152944, stack(0x000000001feb0000,0x000000001ffb0000)]
  0x000000001e66a000 JavaThread "C2 CompilerThread2" daemon [_thread_blocked, id=152156, stack(0x000000001fdb0000,0x000000001feb0000)]
  0x000000001e662000 JavaThread "C2 CompilerThread1" daemon [_thread_blocked, id=152960, stack(0x000000001fcb0000,0x000000001fdb0000)]
  0x000000001e65e000 JavaThread "C2 CompilerThread0" daemon [_thread_in_native, id=152152, stack(0x000000001fbb0000,0x000000001fcb0000)]
  0x000000001cf3e800 JavaThread "Attach Listener" daemon [_thread_blocked, id=152632, stack(0x000000001fab0000,0x000000001fbb0000)]
  0x000000001e60f000 JavaThread "Signal Dispatcher" daemon [_thread_blocked, id=152148, stack(0x000000001f9b0000,0x000000001fab0000)]
  0x000000001e5f3000 JavaThread "Finalizer" daemon [_thread_blocked, id=152336, stack(0x000000001f850000,0x000000001f950000)]
  0x000000001cf2d000 JavaThread "Reference Handler" daemon [_thread_blocked, id=152144, stack(0x000000001f750000,0x000000001f850000)]
  0x0000000003211000 JavaThread "main" [_thread_blocked, id=152120, stack(0x00000000030f0000,0x00000000031f0000)]

Other Threads:
  0x000000001cf26800 VMThread [stack: 0x000000001f650000,0x000000001f750000] [id=152408]
  0x000000001e75e800 WatcherThread [stack: 0x00000000200b0000,0x00000000201b0000] [id=152332]

VM state:not at safepoint (normal execution)

VM Mutex/Monitor currently owned by a thread: None

Heap:
 PSYoungGen      total 303104K, used 208469K [0x000000076b400000, 0x0000000780780000, 0x00000007c0000000)
  eden space 264704K, 78% used [0x000000076b400000,0x0000000777f955f8,0x000000077b680000)
  from space 38400K, 0% used [0x000000077e200000,0x000000077e200000,0x0000000780780000)
  to   space 41472K, 0% used [0x000000077b680000,0x000000077b680000,0x000000077df00000)
 ParOldGen       total 157696K, used 27269K [0x00000006c1c00000, 0x00000006cb600000, 0x000000076b400000)
  object space 157696K, 17% used [0x00000006c1c00000,0x00000006c36a15f0,0x00000006cb600000)
 Metaspace       used 56329K, capacity 57484K, committed 57600K, reserved 1099776K
  class space    used 6524K, capacity 6833K, committed 6912K, reserved 1048576K

Card table byte_map: [0x00000000126d0000,0x0000000012ed0000] byte_map_base: 0x000000000f0c2000

Marking Bits: (ParMarkBitMap*) 0x000000006f3e2f70
 Begin Bits: [0x0000000013e20000, 0x0000000017db0000)
 End Bits:   [0x0000000017db0000, 0x000000001bd40000)

Polling page: 0x0000000000bc0000

CodeCache: size=245760Kb used=19350Kb max_used=19365Kb free=226409Kb
 bounds [0x0000000003310000, 0x0000000004610000, 0x0000000012310000]
 total_blobs=5976 nmethods=5407 adapters=480
 compilation: enabled

Compilation events (10 events):
Event: 22.021 Thread 0x000000001e662000 nmethod 6589 0x0000000003814650 code [0x00000000038148e0, 0x0000000003816710]
Event: 22.021 Thread 0x000000001e662000 6592       4       java.util.LinkedHashMap::get (33 bytes)
Event: 22.023 Thread 0x000000001e662000 nmethod 6592 0x0000000003819990 code [0x0000000003819b00, 0x0000000003819e28]
Event: 22.023 Thread 0x000000001e662000 6595       4       sun.misc.PerfCounter::addElapsedTimeFrom (10 bytes)
Event: 22.024 Thread 0x000000001e662000 nmethod 6595 0x0000000003819410 code [0x0000000003819560, 0x00000000038197d8]
Event: 22.024 Thread 0x000000001e662000 6594       4       sun.misc.URLClassPath$JarLoader$2::getCodeSigners (8 bytes)
Event: 22.026 Thread 0x000000001e66b000 6597       3       com.mysql.jdbc.ConnectionPropertiesImpl$BooleanConnectionProperty::getValueAsBoolean (11 bytes)
Event: 22.027 Thread 0x000000001e66b000 nmethod 6597 0x0000000003818ed0 code [0x0000000003819040, 0x0000000003819330]
Event: 22.028 Thread 0x000000001e66a000 nmethod 6588 0x000000000460ab90 code [0x000000000460ae40, 0x000000000460d2c0]
Event: 22.029 Thread 0x000000001e66a000 6598       4       java.util.ArrayList::contains (14 bytes)

GC Heap History (10 events):
Event: 3.278 GC heap before
{Heap before GC invocations=8 (full 1):
 PSYoungGen      total 114688K, used 114665K [0x000000076b400000, 0x0000000774f80000, 0x00000007c0000000)
  eden space 97792K, 100% used [0x000000076b400000,0x0000000771380000,0x0000000771380000)
  from space 16896K, 99% used [0x0000000772800000,0x000000077387a460,0x0000000773880000)
  to   space 20992K, 0% used [0x0000000771380000,0x0000000771380000,0x0000000772800000)
 ParOldGen       total 119296K, used 22837K [0x00000006c1c00000, 0x00000006c9080000, 0x000000076b400000)
  object space 119296K, 19% used [0x00000006c1c00000,0x00000006c324d640,0x00000006c9080000)
 Metaspace       used 21782K, capacity 22270K, committed 22400K, reserved 1069056K
  class space    used 2493K, capacity 2652K, committed 2688K, reserved 1048576K
Event: 3.308 GC heap after
Heap after GC invocations=8 (full 1):
 PSYoungGen      total 118784K, used 20965K [0x000000076b400000, 0x0000000779d00000, 0x00000007c0000000)
  eden space 97792K, 0% used [0x000000076b400000,0x000000076b400000,0x0000000771380000)
  from space 20992K, 99% used [0x0000000771380000,0x00000007727f95a0,0x0000000772800000)
  to   space 28672K, 0% used [0x0000000778100000,0x0000000778100000,0x0000000779d00000)
 ParOldGen       total 119296K, used 32989K [0x00000006c1c00000, 0x00000006c9080000, 0x000000076b400000)
  object space 119296K, 27% used [0x00000006c1c00000,0x00000006c3c377d0,0x00000006c9080000)
 Metaspace       used 21782K, capacity 22270K, committed 22400K, reserved 1069056K
  class space    used 2493K, capacity 2652K, committed 2688K, reserved 1048576K
}
Event: 3.463 GC heap before
{Heap before GC invocations=9 (full 1):
 PSYoungGen      total 118784K, used 118757K [0x000000076b400000, 0x0000000779d00000, 0x00000007c0000000)
  eden space 97792K, 100% used [0x000000076b400000,0x0000000771380000,0x0000000771380000)
  from space 20992K, 99% used [0x0000000771380000,0x00000007727f95a0,0x0000000772800000)
  to   space 28672K, 0% used [0x0000000778100000,0x0000000778100000,0x0000000779d00000)
 ParOldGen       total 119296K, used 32993K [0x00000006c1c00000, 0x00000006c9080000, 0x000000076b400000)
  object space 119296K, 27% used [0x00000006c1c00000,0x00000006c3c38660,0x00000006c9080000)
 Metaspace       used 21783K, capacity 22270K, committed 22400K, reserved 1069056K
  class space    used 2493K, capacity 2652K, committed 2688K, reserved 1048576K
Event: 3.494 GC heap after
Heap after GC invocations=9 (full 1):
 PSYoungGen      total 204800K, used 28655K [0x000000076b400000, 0x000000077aa00000, 0x00000007c0000000)
  eden space 176128K, 0% used [0x000000076b400000,0x000000076b400000,0x0000000776000000)
  from space 28672K, 99% used [0x0000000778100000,0x0000000779cfbef0,0x0000000779d00000)
  to   space 33792K, 0% used [0x0000000776000000,0x0000000776000000,0x0000000778100000)
 ParOldGen       total 119296K, used 35759K [0x00000006c1c00000, 0x00000006c9080000, 0x000000076b400000)
  object space 119296K, 29% used [0x00000006c1c00000,0x00000006c3eebc98,0x00000006c9080000)
 Metaspace       used 21783K, capacity 22270K, committed 22400K, reserved 1069056K
  class space    used 2493K, capacity 2652K, committed 2688K, reserved 1048576K
}
Event: 4.507 GC heap before
{Heap before GC invocations=10 (full 1):
 PSYoungGen      total 204800K, used 204783K [0x000000076b400000, 0x000000077aa00000, 0x00000007c0000000)
  eden space 176128K, 100% used [0x000000076b400000,0x0000000776000000,0x0000000776000000)
  from space 28672K, 99% used [0x0000000778100000,0x0000000779cfbef0,0x0000000779d00000)
  to   space 33792K, 0% used [0x0000000776000000,0x0000000776000000,0x0000000778100000)
 ParOldGen       total 119296K, used 35763K [0x00000006c1c00000, 0x00000006c9080000, 0x000000076b400000)
  object space 119296K, 29% used [0x00000006c1c00000,0x00000006c3eecee0,0x00000006c9080000)
 Metaspace       used 29614K, capacity 30288K, committed 30592K, reserved 1077248K
  class space    used 3462K, capacity 3662K, committed 3712K, reserved 1048576K
Event: 4.543 GC heap after
Heap after GC invocations=10 (full 1):
 PSYoungGen      total 209920K, used 33787K [0x000000076b400000, 0x0000000780a80000, 0x00000007c0000000)
  eden space 176128K, 0% used [0x000000076b400000,0x000000076b400000,0x0000000776000000)
  from space 33792K, 99% used [0x0000000776000000,0x00000007780fee98,0x0000000778100000)
  to   space 41472K, 0% used [0x000000077e200000,0x000000077e200000,0x0000000780a80000)
 ParOldGen       total 119296K, used 43559K [0x00000006c1c00000, 0x00000006c9080000, 0x000000076b400000)
  object space 119296K, 36% used [0x00000006c1c00000,0x00000006c4689e10,0x00000006c9080000)
 Metaspace       used 29614K, capacity 30288K, committed 30592K, reserved 1077248K
  class space    used 3462K, capacity 3662K, committed 3712K, reserved 1048576K
}
Event: 4.922 GC heap before
{Heap before GC invocations=11 (full 1):
 PSYoungGen      total 209920K, used 81495K [0x000000076b400000, 0x0000000780a80000, 0x00000007c0000000)
  eden space 176128K, 27% used [0x000000076b400000,0x000000076e296ed0,0x0000000776000000)
  from space 33792K, 99% used [0x0000000776000000,0x00000007780fee98,0x0000000778100000)
  to   space 41472K, 0% used [0x000000077e200000,0x000000077e200000,0x0000000780a80000)
 ParOldGen       total 119296K, used 43559K [0x00000006c1c00000, 0x00000006c9080000, 0x000000076b400000)
  object space 119296K, 36% used [0x00000006c1c00000,0x00000006c4689e10,0x00000006c9080000)
 Metaspace       used 34533K, capacity 35272K, committed 35416K, reserved 1081344K
  class space    used 4062K, capacity 4300K, committed 4352K, reserved 1048576K
Event: 4.929 GC heap after
Heap after GC invocations=11 (full 1):
 PSYoungGen      total 303104K, used 9540K [0x000000076b400000, 0x0000000780780000, 0x00000007c0000000)
  eden space 264704K, 0% used [0x000000076b400000,0x000000076b400000,0x000000077b680000)
  from space 38400K, 24% used [0x000000077e200000,0x000000077eb511c8,0x0000000780780000)
  to   space 41472K, 0% used [0x000000077b680000,0x000000077b680000,0x000000077df00000)
 ParOldGen       total 119296K, used 45923K [0x00000006c1c00000, 0x00000006c9080000, 0x000000076b400000)
  object space 119296K, 38% used [0x00000006c1c00000,0x00000006c48d8f00,0x00000006c9080000)
 Metaspace       used 34533K, capacity 35272K, committed 35416K, reserved 1081344K
  class space    used 4062K, capacity 4300K, committed 4352K, reserved 1048576K
}
Event: 4.929 GC heap before
{Heap before GC invocations=12 (full 2):
 PSYoungGen      total 303104K, used 9540K [0x000000076b400000, 0x0000000780780000, 0x00000007c0000000)
  eden space 264704K, 0% used [0x000000076b400000,0x000000076b400000,0x000000077b680000)
  from space 38400K, 24% used [0x000000077e200000,0x000000077eb511c8,0x0000000780780000)
  to   space 41472K, 0% used [0x000000077b680000,0x000000077b680000,0x000000077df00000)
 ParOldGen       total 119296K, used 45923K [0x00000006c1c00000, 0x00000006c9080000, 0x000000076b400000)
  object space 119296K, 38% used [0x00000006c1c00000,0x00000006c48d8f00,0x00000006c9080000)
 Metaspace       used 34533K, capacity 35272K, committed 35416K, reserved 1081344K
  class space    used 4062K, capacity 4300K, committed 4352K, reserved 1048576K
Event: 4.963 GC heap after
Heap after GC invocations=12 (full 2):
 PSYoungGen      total 303104K, used 0K [0x000000076b400000, 0x0000000780780000, 0x00000007c0000000)
  eden space 264704K, 0% used [0x000000076b400000,0x000000076b400000,0x000000077b680000)
  from space 38400K, 0% used [0x000000077e200000,0x000000077e200000,0x0000000780780000)
  to   space 41472K, 0% used [0x000000077b680000,0x000000077b680000,0x000000077df00000)
 ParOldGen       total 157696K, used 27269K [0x00000006c1c00000, 0x00000006cb600000, 0x000000076b400000)
  object space 157696K, 17% used [0x00000006c1c00000,0x00000006c36a15f0,0x00000006cb600000)
 Metaspace       used 34533K, capacity 35272K, committed 35416K, reserved 1081344K
  class space    used 4062K, capacity 4300K, committed 4352K, reserved 1048576K
}

Deoptimization events (10 events):
Event: 14.147 Thread 0x0000000021281800 Uncommon trap: reason=unstable_if action=reinterpret pc=0x0000000003b3c08c method=java.util.Hashtable$Enumerator.nextElement()Ljava/lang/Object; @ 87
Event: 14.147 Thread 0x0000000021281800 Uncommon trap: reason=unstable_if action=reinterpret pc=0x0000000003a686c8 method=java.util.Hashtable$Enumerator.nextElement()Ljava/lang/Object; @ 87
Event: 14.151 Thread 0x0000000021281800 Uncommon trap: reason=class_check action=maybe_recompile pc=0x000000000350608c method=sun.misc.URLClassPath.getLoader(I)Lsun/misc/URLClassPath$Loader; @ 94
Event: 14.160 Thread 0x0000000021281800 Uncommon trap: reason=class_check action=maybe_recompile pc=0x00000000034aa310 method=java.lang.String.equals(Ljava/lang/Object;)Z @ 8
Event: 21.845 Thread 0x0000000023c86000 Uncommon trap: reason=unstable_if action=reinterpret pc=0x0000000003c8294c method=java.util.Properties.getProperty(Ljava/lang/String;)Ljava/lang/String; @ 30
Event: 21.908 Thread 0x0000000023c86000 Uncommon trap: reason=unstable_if action=reinterpret pc=0x0000000003609850 method=java.net.URI.match(CJJ)Z @ 45
Event: 21.957 Thread 0x0000000023c86000 Uncommon trap: reason=unstable_if action=reinterpret pc=0x00000000041e3698 method=java.lang.StringCoding.encode(Ljava/lang/String;[CII)[B @ 38
Event: 21.981 Thread 0x0000000023c86000 Uncommon trap: reason=bimorphic action=maybe_recompile pc=0x0000000003574b3c method=java.util.Hashtable.addEntry(ILjava/lang/Object;Ljava/lang/Object;I)V @ 38
Event: 21.981 Thread 0x0000000023c86000 Uncommon trap: reason=bimorphic action=maybe_recompile pc=0x0000000003574b3c method=java.util.Hashtable.addEntry(ILjava/lang/Object;Ljava/lang/Object;I)V @ 38
Event: 21.981 Thread 0x0000000023c86000 Uncommon trap: reason=bimorphic action=maybe_recompile pc=0x0000000003574b3c method=java.util.Hashtable.addEntry(ILjava/lang/Object;Ljava/lang/Object;I)V @ 38

Internal exceptions (10 events):
Event: 21.850 Thread 0x0000000023c86000 Exception <a 'java/security/PrivilegedActionException'> (0x00000007777d81a8) thrown at [C:\re\workspace\8-2-build-windows-amd64-cygwin\jdk8u91\6644\hotspot\src\share\vm\prims\jvm.cpp, line 1386]
Event: 21.850 Thread 0x0000000023c86000 Exception <a 'java/security/PrivilegedActionException'> (0x00000007777d85a0) thrown at [C:\re\workspace\8-2-build-windows-amd64-cygwin\jdk8u91\6644\hotspot\src\share\vm\prims\jvm.cpp, line 1386]
Event: 21.850 Thread 0x0000000023c86000 Exception <a 'java/security/PrivilegedActionException'> (0x00000007777e9770) thrown at [C:\re\workspace\8-2-build-windows-amd64-cygwin\jdk8u91\6644\hotspot\src\share\vm\prims\jvm.cpp, line 1386]
Event: 21.850 Thread 0x0000000023c86000 Exception <a 'java/security/PrivilegedActionException'> (0x00000007777e9980) thrown at [C:\re\workspace\8-2-build-windows-amd64-cygwin\jdk8u91\6644\hotspot\src\share\vm\prims\jvm.cpp, line 1386]
Event: 21.850 Thread 0x0000000023c86000 Exception <a 'java/security/PrivilegedActionException'> (0x00000007777f6458) thrown at [C:\re\workspace\8-2-build-windows-amd64-cygwin\jdk8u91\6644\hotspot\src\share\vm\prims\jvm.cpp, line 1386]
Event: 21.850 Thread 0x0000000023c86000 Exception <a 'java/security/PrivilegedActionException'> (0x00000007777f6850) thrown at [C:\re\workspace\8-2-build-windows-amd64-cygwin\jdk8u91\6644\hotspot\src\share\vm\prims\jvm.cpp, line 1386]
Event: 21.850 Thread 0x0000000023c86000 Exception <a 'java/security/PrivilegedActionException'> (0x0000000777807b70) thrown at [C:\re\workspace\8-2-build-windows-amd64-cygwin\jdk8u91\6644\hotspot\src\share\vm\prims\jvm.cpp, line 1386]
Event: 21.850 Thread 0x0000000023c86000 Exception <a 'java/security/PrivilegedActionException'> (0x0000000777807d80) thrown at [C:\re\workspace\8-2-build-windows-amd64-cygwin\jdk8u91\6644\hotspot\src\share\vm\prims\jvm.cpp, line 1386]
Event: 21.851 Thread 0x0000000023c86000 Exception <a 'java/security/PrivilegedActionException'> (0x0000000777814f98) thrown at [C:\re\workspace\8-2-build-windows-amd64-cygwin\jdk8u91\6644\hotspot\src\share\vm\prims\jvm.cpp, line 1386]
Event: 21.851 Thread 0x0000000023c86000 Exception <a 'java/security/PrivilegedActionException'> (0x00000007778151a8) thrown at [C:\re\workspace\8-2-build-windows-amd64-cygwin\jdk8u91\6644\hotspot\src\share\vm\prims\jvm.cpp, line 1386]

Events (10 events):
Event: 22.022 Executing VM operation: RevokeBias
Event: 22.023 Executing VM operation: RevokeBias done
Event: 22.026 Executing VM operation: RevokeBias
Event: 22.027 Executing VM operation: RevokeBias done
Event: 22.028 loading class java/sql/Ref
Event: 22.028 loading class java/sql/Ref done
Event: 22.028 loading class java/sql/RowId
Event: 22.028 loading class java/sql/RowId done
Event: 22.028 loading class java/sql/SQLType
Event: 22.028 loading class java/sql/SQLType done


Dynamic libraries:
0x00007ff63eef0000 - 0x00007ff63ef27000 	D:\Eclipse-jdk-jre\Java\jdk1.8.0_91\bin\javaw.exe
0x00007ffdbb2a0000 - 0x00007ffdbb490000 	C:\Windows\SYSTEM32\ntdll.dll
0x00007ffdba790000 - 0x00007ffdba842000 	C:\Windows\System32\KERNEL32.DLL
0x00007ffdb8bd0000 - 0x00007ffdb8e73000 	C:\Windows\System32\KERNELBASE.dll
0x00007ffdba680000 - 0x00007ffdba723000 	C:\Windows\System32\ADVAPI32.dll
0x00007ffdbb1c0000 - 0x00007ffdbb25e000 	C:\Windows\System32\msvcrt.dll
0x00007ffdbb0a0000 - 0x00007ffdbb137000 	C:\Windows\System32\sechost.dll
0x00007ffdbab10000 - 0x00007ffdbac30000 	C:\Windows\System32\RPCRT4.dll
0x00007ffdb9700000 - 0x00007ffdb9893000 	C:\Windows\System32\USER32.dll
0x00007ffdb8f80000 - 0x00007ffdb8fa1000 	C:\Windows\System32\win32u.dll
0x00007ffdba290000 - 0x00007ffdba2b6000 	C:\Windows\System32\GDI32.dll
0x00007ffdb9180000 - 0x00007ffdb9314000 	C:\Windows\System32\gdi32full.dll
0x00007ffdb8b30000 - 0x00007ffdb8bce000 	C:\Windows\System32\msvcp_win.dll
0x00007ffdb8e80000 - 0x00007ffdb8f7a000 	C:\Windows\System32\ucrtbase.dll
0x00007ffdaecb0000 - 0x00007ffdaef35000 	C:\Windows\WinSxS\amd64_microsoft.windows.common-controls_6595b64144ccf1df_6.0.18362.295_none_e6c3acbd13101292\COMCTL32.dll
0x00007ffdba2c0000 - 0x00007ffdba5f6000 	C:\Windows\System32\combase.dll
0x00007ffdb8a60000 - 0x00007ffdb8ae0000 	C:\Windows\System32\bcryptPrimitives.dll
0x00007ffdbaa10000 - 0x00007ffdbaa3e000 	C:\Windows\System32\IMM32.DLL
0x000000006e940000 - 0x000000006ea12000 	D:\Eclipse-jdk-jre\Java\jdk1.8.0_91\jre\bin\msvcr100.dll
0x000000006ebd0000 - 0x000000006f463000 	D:\Eclipse-jdk-jre\Java\jdk1.8.0_91\jre\bin\server\jvm.dll
0x00007ffdb1fb0000 - 0x00007ffdb1fb9000 	C:\Windows\SYSTEM32\WSOCK32.dll
0x00007ffdaf1a0000 - 0x00007ffdaf1c4000 	C:\Windows\SYSTEM32\WINMM.dll
0x00007ffdb9640000 - 0x00007ffdb9648000 	C:\Windows\System32\PSAPI.DLL
0x00007ffdaef40000 - 0x00007ffdaef4a000 	C:\Windows\SYSTEM32\VERSION.dll
0x00007ffdb9fa0000 - 0x00007ffdba00f000 	C:\Windows\System32\WS2_32.dll
0x00007ffdaf0b0000 - 0x00007ffdaf0dd000 	C:\Windows\SYSTEM32\WINMMBASE.dll
0x00007ffdb8ae0000 - 0x00007ffdb8b2a000 	C:\Windows\System32\cfgmgr32.dll
0x000000006eae0000 - 0x000000006eaef000 	D:\Eclipse-jdk-jre\Java\jdk1.8.0_91\jre\bin\verify.dll
0x000000006eab0000 - 0x000000006ead9000 	D:\Eclipse-jdk-jre\Java\jdk1.8.0_91\jre\bin\java.dll
0x000000006ea90000 - 0x000000006eaa6000 	D:\Eclipse-jdk-jre\Java\jdk1.8.0_91\jre\bin\zip.dll
0x00007ffdb98a0000 - 0x00007ffdb9f82000 	C:\Windows\System32\SHELL32.dll
0x00007ffdb9650000 - 0x00007ffdb96f9000 	C:\Windows\System32\shcore.dll
0x00007ffdb82e0000 - 0x00007ffdb8a5c000 	C:\Windows\System32\windows.storage.dll
0x00007ffdb8180000 - 0x00007ffdb819f000 	C:\Windows\System32\profapi.dll
0x00007ffdb81e0000 - 0x00007ffdb822a000 	C:\Windows\System32\powrprof.dll
0x00007ffdb8170000 - 0x00007ffdb8180000 	C:\Windows\System32\UMPDC.dll
0x00007ffdba730000 - 0x00007ffdba782000 	C:\Windows\System32\shlwapi.dll
0x00007ffdb81c0000 - 0x00007ffdb81d1000 	C:\Windows\System32\kernel.appcore.dll
0x00007ffdb8fb0000 - 0x00007ffdb8fc7000 	C:\Windows\System32\cryptsp.dll
0x00007ffdb7550000 - 0x00007ffdb7583000 	C:\Windows\system32\rsaenh.dll
0x00007ffdb9320000 - 0x00007ffdb9346000 	C:\Windows\System32\bcrypt.dll
0x00007ffdb8090000 - 0x00007ffdb80b5000 	C:\Windows\SYSTEM32\USERENV.dll
0x00007ffdb7bb0000 - 0x00007ffdb7bbc000 	C:\Windows\SYSTEM32\CRYPTBASE.dll
0x000000006ea70000 - 0x000000006ea8a000 	D:\Eclipse-jdk-jre\Java\jdk1.8.0_91\jre\bin\net.dll
0x00007ffdb79e0000 - 0x00007ffdb7a47000 	C:\Windows\system32\mswsock.dll
0x00007ffdb76f0000 - 0x00007ffdb772a000 	C:\Windows\SYSTEM32\IPHLPAPI.DLL
0x00007ffdb9f90000 - 0x00007ffdb9f98000 	C:\Windows\System32\NSI.dll
0x00007ffdb1550000 - 0x00007ffdb1566000 	C:\Windows\SYSTEM32\dhcpcsvc6.DLL
0x00007ffdb1530000 - 0x00007ffdb154c000 	C:\Windows\SYSTEM32\dhcpcsvc.DLL
0x00007ffdb7730000 - 0x00007ffdb77fa000 	C:\Windows\SYSTEM32\DNSAPI.dll
0x000000006ea50000 - 0x000000006ea61000 	D:\Eclipse-jdk-jre\Java\jdk1.8.0_91\jre\bin\nio.dll
0x00007ffdb32e0000 - 0x00007ffdb32ea000 	C:\Users\tianyu\AppData\Local\Temp\jansi-1.17.1-985867001233678396.dll
0x00007ffdb30c0000 - 0x00007ffdb30ca000 	C:\Users\tianyu\AppData\Local\Temp\jansi-1.17.1-352015430780787365.dll
0x000000006e930000 - 0x000000006e93d000 	D:\Eclipse-jdk-jre\Java\jdk1.8.0_91\jre\bin\management.dll
0x00007ffdb0100000 - 0x00007ffdb010a000 	C:\Windows\System32\rasadhlp.dll
0x00007ffdb1320000 - 0x00007ffdb1397000 	C:\Windows\System32\fwpuclnt.dll
0x00007ffda8d20000 - 0x00007ffda8f14000 	C:\Windows\SYSTEM32\dbghelp.dll

VM Arguments:
jvm_args: -Dmaven.home=D:\CMS管理系统\小一\apache-maven-3.6.0-bin\apache-maven-3.6.0 -Dclassworlds.conf=D:\工作空间\Eclipse-1707D-CMS-1906\.metadata\.plugins\org.eclipse.m2e.launching\launches\m2conf6238786616780092185.tmp -Dmaven.multiModuleProjectDirectory=D:\工作空间\Eclipse-1707D-CMS-1906\shentianyu-cms-first -Dfile.encoding=GBK 
java_command: org.codehaus.plexus.classworlds.launcher.Launcher -B -gs D:\CMS管理系统\小一\apache-maven-3.6.0-bin\apache-maven-3.6.0\conf\settings.xml -s D:\CMS管理系统\小一\apache-maven-3.6.0-bin\apache-maven-3.6.0\conf\settings.xml jetty:run
java_class_path (initial): D:\CMS管理系统\小一\apache-maven-3.6.0-bin\apache-maven-3.6.0\boot\plexus-classworlds-2.5.2.jar
Launcher Type: SUN_STANDARD

Environment Variables:
PATH=D:/Eclipse-jdk-jre/Java/jdk1.8.0_91/bin/../jre/bin/server;D:/Eclipse-jdk-jre/Java/jdk1.8.0_91/bin/../jre/bin;D:/Eclipse-jdk-jre/Java/jdk1.8.0_91/bin/../jre/lib/amd64;D:\Eclipse-jdk-jre\Java\jdk1.8.0_91\bin;D:\CMS管理系统\安装git\Git\cmd;D:\CMS管理系统\小一\apache-maven-3.6.0-bin\apache-maven-3.6.0\bin;C:\Users\tianyu\AppData\Local\Microsoft\WindowsApps;;D:\安装软件\eclipse_06\eclipse;
USERNAME=tianyu
OS=Windows_NT
PROCESSOR_IDENTIFIER=Intel64 Family 6 Model 158 Stepping 10, GenuineIntel



---------------  S Y S T E M  ---------------

OS: Windows 10.0 , 64 bit Build 18362 (10.0.18362.86)

CPU:total 12 (6 cores per cpu, 2 threads per core) family 6 model 158 stepping 10, cmov, cx8, fxsr, mmx, sse, sse2, sse3, ssse3, sse4.1, sse4.2, popcnt, avx, avx2, aes, clmul, erms, 3dnowpref, lzcnt, ht, tsc, tscinvbit, bmi1, bmi2, adx

Memory: 4k page, physical 16661940k(11221976k free), swap 19676596k(12152212k free)

vm_info: Java HotSpot(TM) 64-Bit Server VM (25.91-b14) for windows-amd64 JRE (1.8.0_91-b14), built on Apr  1 2016 00:58:32 by "java_re" with MS VC++ 10.0 (VS2010)

time: Fri Nov 22 13:16:01 2019
elapsed time: 22 seconds (0d 0h 0m 22s)

